# JRE version: OpenJDK Runtime Environment Temurin-11.0.12+7 (11.0.12+7) (build 11.0.12+7)
# Java VM: OpenJDK 64-Bit Server VM Temurin-11.0.12+7 (11.0.12+7, mixed mode, tiered, compressed oops, g1 gc, windows-amd64)
Heap:
 garbage-first heap   total 149504K, used 78659K [0x00000000e0000000, 0x0000000100000000)
  region size 1024K, 1 young (1024K), 1 survivors (1024K)
 Metaspace       used 23978K, capacity 24366K, committed 24448K, reserved 1071104K
  class space    used 2498K, capacity 2659K, committed 2688K, reserved 1048576K
GC Heap History (20 events):
Event: 72.675 GC heap after
{Heap after GC invocations=36 (full 0):
 garbage-first heap   total 89088K, used 61382K [0x00000000e0000000, 0x0000000100000000)
  region size 1024K, 1 young (1024K), 1 survivors (1024K)
 Metaspace       used 21742K, capacity 22054K, committed 22144K, reserved 1069056K
  class space    used 2227K, capacity 2383K, committed 2432K, reserved 1048576K
}
Event: 72.872 GC heap before
{Heap before GC invocations=36 (full 0):
 garbage-first heap   total 89088K, used 67526K [0x00000000e0000000, 0x0000000100000000)
  region size 1024K, 8 young (8192K), 1 survivors (1024K)
 Metaspace       used 21746K, capacity 22054K, committed 22144K, reserved 1069056K
  class space    used 2227K, capacity 2383K, committed 2432K, reserved 1048576K
}
Event: 72.880 GC heap after
{Heap after GC invocations=37 (full 0):
 garbage-first heap   total 89088K, used 62464K [0x00000000e0000000, 0x0000000100000000)
  region size 1024K, 1 young (1024K), 1 survivors (1024K)
 Metaspace       used 21746K, capacity 22054K, committed 22144K, reserved 1069056K
  class space    used 2227K, capacity 2383K, committed 2432K, reserved 1048576K
}
Event: 73.826 GC heap before
{Heap before GC invocations=38 (full 0):
 garbage-first heap   total 89088K, used 68608K [0x00000000e0000000, 0x0000000100000000)
  region size 1024K, 8 young (8192K), 1 survivors (1024K)
 Metaspace       used 21746K, capacity 22054K, committed 22144K, reserved 1069056K
  class space    used 2227K, capacity 2383K, committed 2432K, reserved 1048576K
}
Event: 73.836 GC heap after
{Heap after GC invocations=39 (full 0):
 garbage-first heap   total 89088K, used 63302K [0x00000000e0000000, 0x0000000100000000)
  region size 1024K, 1 young (1024K), 1 survivors (1024K)
 Metaspace       used 21746K, capacity 22054K, committed 22144K, reserved 1069056K
  class space    used 2227K, capacity 2383K, committed 2432K, reserved 1048576K
}
Event: 73.914 GC heap before
{Heap before GC invocations=39 (full 0):
 garbage-first heap   total 89088K, used 65350K [0x00000000e0000000, 0x0000000100000000)
  region size 1024K, 4 young (4096K), 1 survivors (1024K)
 Metaspace       used 21746K, capacity 22054K, committed 22144K, reserved 1069056K
  class space    used 2227K, capacity 2383K, committed 2432K, reserved 1048576K
}
Event: 73.933 GC heap after
{Heap after GC invocations=40 (full 0):
 garbage-first heap   total 89088K, used 59569K [0x00000000e0000000, 0x0000000100000000)
  region size 1024K, 1 young (1024K), 1 survivors (1024K)
 Metaspace       used 21746K, capacity 22054K, committed 22144K, reserved 1069056K
  class space    used 2227K, capacity 2383K, committed 2432K, reserved 1048576K
}
Event: 73.987 GC heap before
{Heap before GC invocations=40 (full 0):
 garbage-first heap   total 89088K, used 62641K [0x00000000e0000000, 0x0000000100000000)
  region size 1024K, 4 young (4096K), 1 survivors (1024K)
 Metaspace       used 21758K, capacity 22118K, committed 22400K, reserved 1069056K
  class space    used 2227K, capacity 2383K, committed 2432K, reserved 1048576K
}
Event: 74.000 GC heap after
{Heap after GC invocations=41 (full 0):
 garbage-first heap   total 89088K, used 57020K [0x00000000e0000000, 0x0000000100000000)
  region size 1024K, 1 young (1024K), 1 survivors (1024K)
 Metaspace       used 21758K, capacity 22118K, committed 22400K, reserved 1069056K
  class space    used 2227K, capacity 2383K, committed 2432K, reserved 1048576K
}
Event: 74.086 GC heap before
{Heap before GC invocations=41 (full 0):
 garbage-first heap   total 89088K, used 59068K [0x00000000e0000000, 0x0000000100000000)
  region size 1024K, 4 young (4096K), 1 survivors (1024K)
 Metaspace       used 21758K, capacity 22118K, committed 22400K, reserved 1069056K
  class space    used 2227K, capacity 2383K, committed 2432K, reserved 1048576K
}
Event: 74.093 GC heap after
{Heap after GC invocations=42 (full 0):
 garbage-first heap   total 89088K, used 57287K [0x00000000e0000000, 0x0000000100000000)
  region size 1024K, 1 young (1024K), 1 survivors (1024K)
 Metaspace       used 21758K, capacity 22118K, committed 22400K, reserved 1069056K
  class space    used 2227K, capacity 2383K, committed 2432K, reserved 1048576K
}
Event: 74.287 GC heap before
{Heap before GC invocations=42 (full 0):
 garbage-first heap   total 89088K, used 66503K [0x00000000e0000000, 0x0000000100000000)
  region size 1024K, 11 young (11264K), 1 survivors (1024K)
 Metaspace       used 21759K, capacity 22118K, committed 22400K, reserved 1069056K
  class space    used 2227K, capacity 2383K, committed 2432K, reserved 1048576K
}
Event: 74.299 GC heap after
{Heap after GC invocations=43 (full 0):
 garbage-first heap   total 111616K, used 59017K [0x00000000e0000000, 0x0000000100000000)
  region size 1024K, 2 young (2048K), 2 survivors (2048K)
 Metaspace       used 21759K, capacity 22118K, committed 22400K, reserved 1069056K
  class space    used 2227K, capacity 2383K, committed 2432K, reserved 1048576K
}
Event: 75.600 GC heap before
{Heap before GC invocations=44 (full 0):
 garbage-first heap   total 111616K, used 77449K [0x00000000e0000000, 0x0000000100000000)
  region size 1024K, 21 young (21504K), 2 survivors (2048K)
 Metaspace       used 21759K, capacity 22118K, committed 22400K, reserved 1069056K
  class space    used 2227K, capacity 2383K, committed 2432K, reserved 1048576K
}
Event: 75.617 GC heap after
{Heap after GC invocations=45 (full 0):
 garbage-first heap   total 111616K, used 61440K [0x00000000e0000000, 0x0000000100000000)
  region size 1024K, 3 young (3072K), 3 survivors (3072K)
 Metaspace       used 21759K, capacity 22118K, committed 22400K, reserved 1069056K
  class space    used 2227K, capacity 2383K, committed 2432K, reserved 1048576K
}
Event: 76.493 GC heap before
{Heap before GC invocations=45 (full 0):
 garbage-first heap   total 111616K, used 79872K [0x00000000e0000000, 0x0000000100000000)
  region size 1024K, 22 young (22528K), 3 survivors (3072K)
 Metaspace       used 21771K, capacity 22182K, committed 22400K, reserved 1069056K
  class space    used 2227K, capacity 2383K, committed 2432K, reserved 1048576K
}
Event: 76.544 GC heap after
{Heap after GC invocations=46 (full 0):
 garbage-first heap   total 111616K, used 70098K [0x00000000e0000000, 0x0000000100000000)
  region size 1024K, 3 young (3072K), 3 survivors (3072K)
 Metaspace       used 21771K, capacity 22182K, committed 22400K, reserved 1069056K
  class space    used 2227K, capacity 2383K, committed 2432K, reserved 1048576K
}
Event: 78.767 GC heap before
{Heap before GC invocations=47 (full 0):
 garbage-first heap   total 111616K, used 83410K [0x00000000e0000000, 0x0000000100000000)
  region size 1024K, 16 young (16384K), 3 survivors (3072K)
 Metaspace       used 22533K, capacity 22912K, committed 23040K, reserved 1069056K
  class space    used 2323K, capacity 2454K, committed 2560K, reserved 1048576K
}
Event: 78.790 GC heap after
{Heap after GC invocations=48 (full 0):
 garbage-first heap   total 111616K, used 77312K [0x00000000e0000000, 0x0000000100000000)
  region size 1024K, 2 young (2048K), 2 survivors (2048K)
 Metaspace       used 22533K, capacity 22912K, committed 23040K, reserved 1069056K
  class space    used 2323K, capacity 2454K, committed 2560K, reserved 1048576K
}
Event: 81.289 GC heap before
{Heap before GC invocations=48 (full 0):
 garbage-first heap   total 111616K, used 86528K [0x00000000e0000000, 0x0000000100000000)
  region size 1024K, 11 young (11264K), 2 survivors (2048K)
 Metaspace       used 23978K, capacity 24366K, committed 24448K, reserved 1071104K
  class space    used 2498K, capacity 2659K, committed 2688K, reserved 1048576K
}

