# JRE version: OpenJDK Runtime Environment Temurin-11.0.12+7 (11.0.12+7) (build 11.0.12+7)
# Java VM: OpenJDK 64-Bit Server VM Temurin-11.0.12+7 (11.0.12+7, mixed mode, tiered, compressed oops, g1 gc, windows-amd64)
Heap:
 garbage-first heap   total 162816K, used 133180K [0x00000000e0000000, 0x0000000100000000)
  region size 1024K, 8 young (8192K), 1 survivors (1024K)
 Metaspace       used 27339K, capacity 27806K, committed 27904K, reserved 1075200K
  class space    used 2845K, capacity 3062K, committed 3072K, reserved 1048576K
GC Heap History (20 events):
Event: 402.677 GC heap before
{Heap before GC invocations=53 (full 0):
 garbage-first heap   total 162816K, used 154624K [0x00000000e0000000, 0x0000000100000000)
  region size 1024K, 7 young (7168K), 1 survivors (1024K)
 Metaspace       used 27182K, capacity 27646K, committed 27904K, reserved 1075200K
  class space    used 2834K, capacity 3030K, committed 3072K, reserved 1048576K
}
Event: 402.735 GC heap after
{Heap after GC invocations=54 (full 0):
 garbage-first heap   total 162816K, used 149504K [0x00000000e0000000, 0x0000000100000000)
  region size 1024K, 1 young (1024K), 1 survivors (1024K)
 Metaspace       used 27182K, capacity 27646K, committed 27904K, reserved 1075200K
  class space    used 2834K, capacity 3030K, committed 3072K, reserved 1048576K
}
Event: 403.447 GC heap before
{Heap before GC invocations=54 (full 0):
 garbage-first heap   total 162816K, used 155648K [0x00000000e0000000, 0x0000000100000000)
  region size 1024K, 7 young (7168K), 1 survivors (1024K)
 Metaspace       used 27293K, capacity 27774K, committed 27904K, reserved 1075200K
  class space    used 2841K, capacity 3030K, committed 3072K, reserved 1048576K
}
Event: 403.475 GC heap after
{Heap after GC invocations=55 (full 0):
 garbage-first heap   total 162816K, used 149181K [0x00000000e0000000, 0x0000000100000000)
  region size 1024K, 1 young (1024K), 1 survivors (1024K)
 Metaspace       used 27293K, capacity 27774K, committed 27904K, reserved 1075200K
  class space    used 2841K, capacity 3030K, committed 3072K, reserved 1048576K
}
Event: 403.509 GC heap before
{Heap before GC invocations=55 (full 0):
 garbage-first heap   total 162816K, used 155325K [0x00000000e0000000, 0x0000000100000000)
  region size 1024K, 7 young (7168K), 1 survivors (1024K)
 Metaspace       used 27294K, capacity 27774K, committed 27904K, reserved 1075200K
  class space    used 2841K, capacity 3030K, committed 3072K, reserved 1048576K
}
Event: 403.512 GC heap after
{Heap after GC invocations=56 (full 0):
 garbage-first heap   total 162816K, used 149106K [0x00000000e0000000, 0x0000000100000000)
  region size 1024K, 1 young (1024K), 1 survivors (1024K)
 Metaspace       used 27294K, capacity 27774K, committed 27904K, reserved 1075200K
  class space    used 2841K, capacity 3030K, committed 3072K, reserved 1048576K
}
Event: 403.576 GC heap before
{Heap before GC invocations=56 (full 0):
 garbage-first heap   total 162816K, used 155250K [0x00000000e0000000, 0x0000000100000000)
  region size 1024K, 7 young (7168K), 1 survivors (1024K)
 Metaspace       used 27299K, capacity 27774K, committed 27904K, reserved 1075200K
  class space    used 2841K, capacity 3030K, committed 3072K, reserved 1048576K
}
Event: 403.578 GC heap after
{Heap after GC invocations=57 (full 0):
 garbage-first heap   total 162816K, used 149080K [0x00000000e0000000, 0x0000000100000000)
  region size 1024K, 1 young (1024K), 1 survivors (1024K)
 Metaspace       used 27299K, capacity 27774K, committed 27904K, reserved 1075200K
  class space    used 2841K, capacity 3030K, committed 3072K, reserved 1048576K
}
Event: 405.212 GC heap before
{Heap before GC invocations=58 (full 0):
 garbage-first heap   total 162816K, used 137816K [0x00000000e0000000, 0x0000000100000000)
  region size 1024K, 7 young (7168K), 1 survivors (1024K)
 Metaspace       used 27339K, capacity 27806K, committed 27904K, reserved 1075200K
  class space    used 2845K, capacity 3062K, committed 3072K, reserved 1048576K
}
Event: 405.214 GC heap after
{Heap after GC invocations=59 (full 0):
 garbage-first heap   total 162816K, used 131690K [0x00000000e0000000, 0x0000000100000000)
  region size 1024K, 1 young (1024K), 1 survivors (1024K)
 Metaspace       used 27339K, capacity 27806K, committed 27904K, reserved 1075200K
  class space    used 2845K, capacity 3062K, committed 3072K, reserved 1048576K
}
Event: 405.603 GC heap before
{Heap before GC invocations=59 (full 0):
 garbage-first heap   total 162816K, used 137834K [0x00000000e0000000, 0x0000000100000000)
  region size 1024K, 7 young (7168K), 1 survivors (1024K)
 Metaspace       used 27339K, capacity 27806K, committed 27904K, reserved 1075200K
  class space    used 2845K, capacity 3062K, committed 3072K, reserved 1048576K
}
Event: 405.685 GC heap after
{Heap after GC invocations=60 (full 0):
 garbage-first heap   total 162816K, used 126918K [0x00000000e0000000, 0x0000000100000000)
  region size 1024K, 1 young (1024K), 1 survivors (1024K)
 Metaspace       used 27339K, capacity 27806K, committed 27904K, reserved 1075200K
  class space    used 2845K, capacity 3062K, committed 3072K, reserved 1048576K
}
Event: 405.714 GC heap before
{Heap before GC invocations=60 (full 0):
 garbage-first heap   total 162816K, used 136134K [0x00000000e0000000, 0x0000000100000000)
  region size 1024K, 10 young (10240K), 1 survivors (1024K)
 Metaspace       used 27339K, capacity 27806K, committed 27904K, reserved 1075200K
  class space    used 2845K, capacity 3062K, committed 3072K, reserved 1048576K
}
Event: 405.718 GC heap after
{Heap after GC invocations=61 (full 0):
 garbage-first heap   total 162816K, used 126902K [0x00000000e0000000, 0x0000000100000000)
  region size 1024K, 1 young (1024K), 1 survivors (1024K)
 Metaspace       used 27339K, capacity 27806K, committed 27904K, reserved 1075200K
  class space    used 2845K, capacity 3062K, committed 3072K, reserved 1048576K
}
Event: 405.745 GC heap before
{Heap before GC invocations=61 (full 0):
 garbage-first heap   total 162816K, used 137142K [0x00000000e0000000, 0x0000000100000000)
  region size 1024K, 11 young (11264K), 1 survivors (1024K)
 Metaspace       used 27339K, capacity 27806K, committed 27904K, reserved 1075200K
  class space    used 2845K, capacity 3062K, committed 3072K, reserved 1048576K
}
Event: 405.747 GC heap after
{Heap after GC invocations=62 (full 0):
 garbage-first heap   total 162816K, used 127001K [0x00000000e0000000, 0x0000000100000000)
  region size 1024K, 1 young (1024K), 1 survivors (1024K)
 Metaspace       used 27339K, capacity 27806K, committed 27904K, reserved 1075200K
  class space    used 2845K, capacity 3062K, committed 3072K, reserved 1048576K
}
Event: 406.129 GC heap before
{Heap before GC invocations=62 (full 0):
 garbage-first heap   total 162816K, used 138265K [0x00000000e0000000, 0x0000000100000000)
  region size 1024K, 12 young (12288K), 1 survivors (1024K)
 Metaspace       used 27339K, capacity 27806K, committed 27904K, reserved 1075200K
  class space    used 2845K, capacity 3062K, committed 3072K, reserved 1048576K
}
Event: 406.143 GC heap after
{Heap after GC invocations=63 (full 0):
 garbage-first heap   total 162816K, used 126981K [0x00000000e0000000, 0x0000000100000000)
  region size 1024K, 1 young (1024K), 1 survivors (1024K)
 Metaspace       used 27339K, capacity 27806K, committed 27904K, reserved 1075200K
  class space    used 2845K, capacity 3062K, committed 3072K, reserved 1048576K
}
Event: 406.161 GC heap before
{Heap before GC invocations=63 (full 0):
 garbage-first heap   total 162816K, used 139269K [0x00000000e0000000, 0x0000000100000000)
  region size 1024K, 13 young (13312K), 1 survivors (1024K)
 Metaspace       used 27339K, capacity 27806K, committed 27904K, reserved 1075200K
  class space    used 2845K, capacity 3062K, committed 3072K, reserved 1048576K
}
Event: 406.164 GC heap after
{Heap after GC invocations=64 (full 0):
 garbage-first heap   total 162816K, used 127036K [0x00000000e0000000, 0x0000000100000000)
  region size 1024K, 1 young (1024K), 1 survivors (1024K)
 Metaspace       used 27339K, capacity 27806K, committed 27904K, reserved 1075200K
  class space    used 2845K, capacity 3062K, committed 3072K, reserved 1048576K
}

